Arguments: 
  /usr/local/bin/node /usr/local/Cellar/yarn/1.15.2/libexec/bin/yarn.js add @creative-tim-official/argon-dashboard-react

PATH: 
  /usr/local/opt/sqlite/bin:/usr/local/opt/ncurses/bin:/usr/local/opt/icu4c/sbin:/usr/local/opt/icu4c/bin:/Library/Frameworks/Python.framework/Versions/3.6/bin:/usr/local/bin:/usr/bin:/bin:/usr/sbin:/sbin:/Applications/VMware Fusion.app/Contents/Public:/usr/local/opt/sqlite/bin:/usr/local/opt/ncurses/bin:/usr/local/opt/icu4c/sbin:/usr/local/opt/icu4c/bin:/Library/Frameworks/Python.framework/Versions/3.6/bin:/Users/teenoh/Library/Android/sdk/emulator:/Users/teenoh/Library/Android/sdk/tools:/Users/teenoh/Library/Android/sdk/tools/bin:/Users/teenoh/Library/Android/sdk/platform-tools:/Users/teenoh/Library/Android/sdk/emulator:/Users/teenoh/Library/Android/sdk/tools:/Users/teenoh/Library/Android/sdk/tools/bin:/Users/teenoh/Library/Android/sdk/platform-tools

Yarn version: 
  1.15.2

Node version: 
  10.15.0

Platform: 
  darwin x64

Trace: 
  Error: https://registry.yarnpkg.com/@creative-tim-official%2fargon-dashboard-react: Not found
      at Request.params.callback [as _callback] (/usr/local/Cellar/yarn/1.15.2/libexec/lib/cli.js:66058:18)
      at Request.self.callback (/usr/local/Cellar/yarn/1.15.2/libexec/lib/cli.js:129541:22)
      at Request.emit (events.js:182:13)
      at Request.<anonymous> (/usr/local/Cellar/yarn/1.15.2/libexec/lib/cli.js:130513:10)
      at Request.emit (events.js:182:13)
      at IncomingMessage.<anonymous> (/usr/local/Cellar/yarn/1.15.2/libexec/lib/cli.js:130435:12)
      at Object.onceWrapper (events.js:273:13)
      at IncomingMessage.emit (events.js:187:15)
      at endReadableNT (_stream_readable.js:1094:12)
      at process._tickCallback (internal/process/next_tick.js:63:19)

npm manifest: 
  No manifest

yarn manifest: 
  No manifest

Lockfile: 
  No lockfile
